<?xml version="1.0" encoding="UTF-8"?>
<testsuite xmlns:xsi="http://www.w3.org/2001/XMLSchema-instance" xsi:noNamespaceSchemaLocation="https://maven.apache.org/surefire/maven-surefire-plugin/xsd/surefire-test-report-3.0.xsd" version="3.0" name="runners.RunnerTest" time="90.453" tests="6" errors="0" skipped="0" failures="0">
  <properties>
    <property name="java.specification.version" value="17"/>
    <property name="sun.cpu.isalist" value="amd64"/>
    <property name="sun.jnu.encoding" value="Cp1252"/>
    <property name="java.class.path" value="C:\workspace\workspace-eclipse\demo-web-shop-automation-java\target\test-classes;C:\workspace\workspace-eclipse\demo-web-shop-automation-java\target\classes;C:\Users\cless\.m2\repository\org\seleniumhq\selenium\selenium-java\4.18.1\selenium-java-4.18.1.jar;C:\Users\cless\.m2\repository\org\seleniumhq\selenium\selenium-api\4.18.1\selenium-api-4.18.1.jar;C:\Users\cless\.m2\repository\org\seleniumhq\selenium\selenium-chrome-driver\4.18.1\selenium-chrome-driver-4.18.1.jar;C:\Users\cless\.m2\repository\com\google\auto\service\auto-service-annotations\1.1.1\auto-service-annotations-1.1.1.jar;C:\Users\cless\.m2\repository\org\seleniumhq\selenium\selenium-chromium-driver\4.18.1\selenium-chromium-driver-4.18.1.jar;C:\Users\cless\.m2\repository\org\seleniumhq\selenium\selenium-json\4.18.1\selenium-json-4.18.1.jar;C:\Users\cless\.m2\repository\org\seleniumhq\selenium\selenium-manager\4.18.1\selenium-manager-4.18.1.jar;C:\Users\cless\.m2\repository\org\seleniumhq\selenium\selenium-devtools-v120\4.18.1\selenium-devtools-v120-4.18.1.jar;C:\Users\cless\.m2\repository\org\seleniumhq\selenium\selenium-devtools-v121\4.18.1\selenium-devtools-v121-4.18.1.jar;C:\Users\cless\.m2\repository\org\seleniumhq\selenium\selenium-devtools-v122\4.18.1\selenium-devtools-v122-4.18.1.jar;C:\Users\cless\.m2\repository\org\seleniumhq\selenium\selenium-devtools-v85\4.18.1\selenium-devtools-v85-4.18.1.jar;C:\Users\cless\.m2\repository\org\seleniumhq\selenium\selenium-edge-driver\4.18.1\selenium-edge-driver-4.18.1.jar;C:\Users\cless\.m2\repository\org\seleniumhq\selenium\selenium-firefox-driver\4.18.1\selenium-firefox-driver-4.18.1.jar;C:\Users\cless\.m2\repository\org\seleniumhq\selenium\selenium-http\4.18.1\selenium-http-4.18.1.jar;C:\Users\cless\.m2\repository\dev\failsafe\failsafe\3.3.2\failsafe-3.3.2.jar;C:\Users\cless\.m2\repository\org\seleniumhq\selenium\selenium-ie-driver\4.18.1\selenium-ie-driver-4.18.1.jar;C:\Users\cless\.m2\repository\org\seleniumhq\selenium\selenium-remote-driver\4.18.1\selenium-remote-driver-4.18.1.jar;C:\Users\cless\.m2\repository\com\google\guava\guava\33.0.0-jre\guava-33.0.0-jre.jar;C:\Users\cless\.m2\repository\com\google\guava\failureaccess\1.0.2\failureaccess-1.0.2.jar;C:\Users\cless\.m2\repository\com\google\guava\listenablefuture\9999.0-empty-to-avoid-conflict-with-guava\listenablefuture-9999.0-empty-to-avoid-conflict-with-guava.jar;C:\Users\cless\.m2\repository\com\google\code\findbugs\jsr305\3.0.2\jsr305-3.0.2.jar;C:\Users\cless\.m2\repository\org\checkerframework\checker-qual\3.41.0\checker-qual-3.41.0.jar;C:\Users\cless\.m2\repository\com\google\errorprone\error_prone_annotations\2.23.0\error_prone_annotations-2.23.0.jar;C:\Users\cless\.m2\repository\com\google\j2objc\j2objc-annotations\2.8\j2objc-annotations-2.8.jar;C:\Users\cless\.m2\repository\io\opentelemetry\semconv\opentelemetry-semconv\1.23.1-alpha\opentelemetry-semconv-1.23.1-alpha.jar;C:\Users\cless\.m2\repository\io\opentelemetry\opentelemetry-api\1.35.0\opentelemetry-api-1.35.0.jar;C:\Users\cless\.m2\repository\io\opentelemetry\opentelemetry-context\1.35.0\opentelemetry-context-1.35.0.jar;C:\Users\cless\.m2\repository\io\opentelemetry\opentelemetry-exporter-logging\1.35.0\opentelemetry-exporter-logging-1.35.0.jar;C:\Users\cless\.m2\repository\io\opentelemetry\opentelemetry-sdk-common\1.35.0\opentelemetry-sdk-common-1.35.0.jar;C:\Users\cless\.m2\repository\io\opentelemetry\opentelemetry-sdk-extension-autoconfigure-spi\1.35.0\opentelemetry-sdk-extension-autoconfigure-spi-1.35.0.jar;C:\Users\cless\.m2\repository\io\opentelemetry\opentelemetry-sdk-extension-autoconfigure\1.35.0\opentelemetry-sdk-extension-autoconfigure-1.35.0.jar;C:\Users\cless\.m2\repository\io\opentelemetry\opentelemetry-api-events\1.35.0-alpha\opentelemetry-api-events-1.35.0-alpha.jar;C:\Users\cless\.m2\repository\io\opentelemetry\opentelemetry-sdk-trace\1.35.0\opentelemetry-sdk-trace-1.35.0.jar;C:\Users\cless\.m2\repository\io\opentelemetry\opentelemetry-extension-incubator\1.35.0-alpha\opentelemetry-extension-incubator-1.35.0-alpha.jar;C:\Users\cless\.m2\repository\io\opentelemetry\opentelemetry-sdk\1.35.0\opentelemetry-sdk-1.35.0.jar;C:\Users\cless\.m2\repository\io\opentelemetry\opentelemetry-sdk-metrics\1.35.0\opentelemetry-sdk-metrics-1.35.0.jar;C:\Users\cless\.m2\repository\io\opentelemetry\opentelemetry-sdk-logs\1.35.0\opentelemetry-sdk-logs-1.35.0.jar;C:\Users\cless\.m2\repository\net\bytebuddy\byte-buddy\1.14.12\byte-buddy-1.14.12.jar;C:\Users\cless\.m2\repository\org\seleniumhq\selenium\selenium-os\4.18.1\selenium-os-4.18.1.jar;C:\Users\cless\.m2\repository\org\apache\commons\commons-exec\1.3\commons-exec-1.3.jar;C:\Users\cless\.m2\repository\org\seleniumhq\selenium\selenium-safari-driver\4.18.1\selenium-safari-driver-4.18.1.jar;C:\Users\cless\.m2\repository\org\seleniumhq\selenium\selenium-support\4.18.1\selenium-support-4.18.1.jar;C:\Users\cless\.m2\repository\io\cucumber\cucumber-java\7.12.1\cucumber-java-7.12.1.jar;C:\Users\cless\.m2\repository\io\cucumber\cucumber-core\7.12.1\cucumber-core-7.12.1.jar;C:\Users\cless\.m2\repository\io\cucumber\cucumber-gherkin\7.12.1\cucumber-gherkin-7.12.1.jar;C:\Users\cless\.m2\repository\io\cucumber\cucumber-gherkin-messages\7.12.1\cucumber-gherkin-messages-7.12.1.jar;C:\Users\cless\.m2\repository\io\cucumber\gherkin\26.2.0\gherkin-26.2.0.jar;C:\Users\cless\.m2\repository\io\cucumber\messages\22.0.0\messages-22.0.0.jar;C:\Users\cless\.m2\repository\io\cucumber\tag-expressions\5.0.1\tag-expressions-5.0.1.jar;C:\Users\cless\.m2\repository\io\cucumber\cucumber-expressions\16.1.2\cucumber-expressions-16.1.2.jar;C:\Users\cless\.m2\repository\io\cucumber\datatable\7.12.1\datatable-7.12.1.jar;C:\Users\cless\.m2\repository\io\cucumber\cucumber-plugin\7.12.1\cucumber-plugin-7.12.1.jar;C:\Users\cless\.m2\repository\io\cucumber\docstring\7.12.1\docstring-7.12.1.jar;C:\Users\cless\.m2\repository\io\cucumber\html-formatter\20.3.1\html-formatter-20.3.1.jar;C:\Users\cless\.m2\repository\io\cucumber\junit-xml-formatter\0.2.0\junit-xml-formatter-0.2.0.jar;C:\Users\cless\.m2\repository\io\cucumber\ci-environment\9.2.0\ci-environment-9.2.0.jar;C:\Users\cless\.m2\repository\org\apiguardian\apiguardian-api\1.1.2\apiguardian-api-1.1.2.jar;C:\Users\cless\.m2\repository\io\cucumber\cucumber-junit\7.12.1\cucumber-junit-7.12.1.jar;C:\Users\cless\.m2\repository\junit\junit\4.13.2\junit-4.13.2.jar;C:\Users\cless\.m2\repository\org\hamcrest\hamcrest-core\1.3\hamcrest-core-1.3.jar;C:\Users\cless\.m2\repository\org\apache\poi\poi\5.2.5\poi-5.2.5.jar;C:\Users\cless\.m2\repository\commons-codec\commons-codec\1.16.0\commons-codec-1.16.0.jar;C:\Users\cless\.m2\repository\org\apache\commons\commons-collections4\4.4\commons-collections4-4.4.jar;C:\Users\cless\.m2\repository\org\apache\commons\commons-math3\3.6.1\commons-math3-3.6.1.jar;C:\Users\cless\.m2\repository\commons-io\commons-io\2.15.0\commons-io-2.15.0.jar;C:\Users\cless\.m2\repository\com\zaxxer\SparseBitSet\1.3\SparseBitSet-1.3.jar;C:\Users\cless\.m2\repository\org\apache\logging\log4j\log4j-api\2.21.1\log4j-api-2.21.1.jar;C:\Users\cless\.m2\repository\org\apache\poi\poi-ooxml\5.2.5\poi-ooxml-5.2.5.jar;C:\Users\cless\.m2\repository\org\apache\poi\poi-ooxml-lite\5.2.5\poi-ooxml-lite-5.2.5.jar;C:\Users\cless\.m2\repository\org\apache\xmlbeans\xmlbeans\5.2.0\xmlbeans-5.2.0.jar;C:\Users\cless\.m2\repository\org\apache\commons\commons-compress\1.25.0\commons-compress-1.25.0.jar;C:\Users\cless\.m2\repository\com\github\virtuald\curvesapi\1.08\curvesapi-1.08.jar;C:\Users\cless\.m2\repository\io\github\bonigarcia\webdrivermanager\5.3.2\webdrivermanager-5.3.2.jar;C:\Users\cless\.m2\repository\org\slf4j\slf4j-api\2.0.6\slf4j-api-2.0.6.jar;C:\Users\cless\.m2\repository\com\google\code\gson\gson\2.10.1\gson-2.10.1.jar;C:\Users\cless\.m2\repository\com\github\docker-java\docker-java\3.2.14\docker-java-3.2.14.jar;C:\Users\cless\.m2\repository\com\github\docker-java\docker-java-core\3.2.14\docker-java-core-3.2.14.jar;C:\Users\cless\.m2\repository\com\github\docker-java\docker-java-api\3.2.14\docker-java-api-3.2.14.jar;C:\Users\cless\.m2\repository\com\fasterxml\jackson\core\jackson-annotations\2.10.3\jackson-annotations-2.10.3.jar;C:\Users\cless\.m2\repository\com\fasterxml\jackson\core\jackson-databind\2.10.3\jackson-databind-2.10.3.jar;C:\Users\cless\.m2\repository\com\fasterxml\jackson\core\jackson-core\2.10.3\jackson-core-2.10.3.jar;C:\Users\cless\.m2\repository\org\bouncycastle\bcpkix-jdk15on\1.64\bcpkix-jdk15on-1.64.jar;C:\Users\cless\.m2\repository\org\bouncycastle\bcprov-jdk15on\1.64\bcprov-jdk15on-1.64.jar;C:\Users\cless\.m2\repository\org\slf4j\jcl-over-slf4j\1.7.30\jcl-over-slf4j-1.7.30.jar;C:\Users\cless\.m2\repository\com\github\docker-java\docker-java-transport-httpclient5\3.2.14\docker-java-transport-httpclient5-3.2.14.jar;C:\Users\cless\.m2\repository\com\github\docker-java\docker-java-transport\3.2.14\docker-java-transport-3.2.14.jar;C:\Users\cless\.m2\repository\net\java\dev\jna\jna\5.12.1\jna-5.12.1.jar;C:\Users\cless\.m2\repository\org\brotli\dec\0.1.2\dec-0.1.2.jar;C:\Users\cless\.m2\repository\org\apache\commons\commons-lang3\3.12.0\commons-lang3-3.12.0.jar;C:\Users\cless\.m2\repository\org\apache\httpcomponents\client5\httpclient5\5.2.1\httpclient5-5.2.1.jar;C:\Users\cless\.m2\repository\org\apache\httpcomponents\core5\httpcore5\5.2\httpcore5-5.2.jar;C:\Users\cless\.m2\repository\org\apache\httpcomponents\core5\httpcore5-h2\5.2\httpcore5-h2-5.2.jar;C:\Users\cless\.m2\repository\com\github\javafaker\javafaker\1.0.2\javafaker-1.0.2.jar;C:\Users\cless\.m2\repository\org\yaml\snakeyaml\1.23\snakeyaml-1.23-android.jar;C:\Users\cless\.m2\repository\com\github\mifmif\generex\1.0.2\generex-1.0.2.jar;C:\Users\cless\.m2\repository\dk\brics\automaton\automaton\1.11-8\automaton-1.11-8.jar;"/>
    <property name="java.vm.vendor" value="Oracle Corporation"/>
    <property name="sun.arch.data.model" value="64"/>
    <property name="user.variant" value=""/>
    <property name="java.vendor.url" value="https://java.oracle.com/"/>
    <property name="user.timezone" value="America/Sao_Paulo"/>
    <property name="os.name" value="Windows 10"/>
    <property name="java.vm.specification.version" value="17"/>
    <property name="sun.java.launcher" value="SUN_STANDARD"/>
    <property name="user.country" value="BR"/>
    <property name="sun.boot.library.path" value="C:\Program Files\Java\jdk-17\bin"/>
    <property name="sun.java.command" value="C:\Users\cless\AppData\Local\Temp\surefire15130502087174918424\surefirebooter-20250615210304343_3.jar C:\Users\cless\AppData\Local\Temp\surefire15130502087174918424 2025-06-15T21-03-03_593-jvmRun1 surefire-20250615210304343_1tmp surefire_0-20250615210304343_2tmp"/>
    <property name="jdk.debug" value="release"/>
    <property name="surefire.test.class.path" value="C:\workspace\workspace-eclipse\demo-web-shop-automation-java\target\test-classes;C:\workspace\workspace-eclipse\demo-web-shop-automation-java\target\classes;C:\Users\cless\.m2\repository\org\seleniumhq\selenium\selenium-java\4.18.1\selenium-java-4.18.1.jar;C:\Users\cless\.m2\repository\org\seleniumhq\selenium\selenium-api\4.18.1\selenium-api-4.18.1.jar;C:\Users\cless\.m2\repository\org\seleniumhq\selenium\selenium-chrome-driver\4.18.1\selenium-chrome-driver-4.18.1.jar;C:\Users\cless\.m2\repository\com\google\auto\service\auto-service-annotations\1.1.1\auto-service-annotations-1.1.1.jar;C:\Users\cless\.m2\repository\org\seleniumhq\selenium\selenium-chromium-driver\4.18.1\selenium-chromium-driver-4.18.1.jar;C:\Users\cless\.m2\repository\org\seleniumhq\selenium\selenium-json\4.18.1\selenium-json-4.18.1.jar;C:\Users\cless\.m2\repository\org\seleniumhq\selenium\selenium-manager\4.18.1\selenium-manager-4.18.1.jar;C:\Users\cless\.m2\repository\org\seleniumhq\selenium\selenium-devtools-v120\4.18.1\selenium-devtools-v120-4.18.1.jar;C:\Users\cless\.m2\repository\org\seleniumhq\selenium\selenium-devtools-v121\4.18.1\selenium-devtools-v121-4.18.1.jar;C:\Users\cless\.m2\repository\org\seleniumhq\selenium\selenium-devtools-v122\4.18.1\selenium-devtools-v122-4.18.1.jar;C:\Users\cless\.m2\repository\org\seleniumhq\selenium\selenium-devtools-v85\4.18.1\selenium-devtools-v85-4.18.1.jar;C:\Users\cless\.m2\repository\org\seleniumhq\selenium\selenium-edge-driver\4.18.1\selenium-edge-driver-4.18.1.jar;C:\Users\cless\.m2\repository\org\seleniumhq\selenium\selenium-firefox-driver\4.18.1\selenium-firefox-driver-4.18.1.jar;C:\Users\cless\.m2\repository\org\seleniumhq\selenium\selenium-http\4.18.1\selenium-http-4.18.1.jar;C:\Users\cless\.m2\repository\dev\failsafe\failsafe\3.3.2\failsafe-3.3.2.jar;C:\Users\cless\.m2\repository\org\seleniumhq\selenium\selenium-ie-driver\4.18.1\selenium-ie-driver-4.18.1.jar;C:\Users\cless\.m2\repository\org\seleniumhq\selenium\selenium-remote-driver\4.18.1\selenium-remote-driver-4.18.1.jar;C:\Users\cless\.m2\repository\com\google\guava\guava\33.0.0-jre\guava-33.0.0-jre.jar;C:\Users\cless\.m2\repository\com\google\guava\failureaccess\1.0.2\failureaccess-1.0.2.jar;C:\Users\cless\.m2\repository\com\google\guava\listenablefuture\9999.0-empty-to-avoid-conflict-with-guava\listenablefuture-9999.0-empty-to-avoid-conflict-with-guava.jar;C:\Users\cless\.m2\repository\com\google\code\findbugs\jsr305\3.0.2\jsr305-3.0.2.jar;C:\Users\cless\.m2\repository\org\checkerframework\checker-qual\3.41.0\checker-qual-3.41.0.jar;C:\Users\cless\.m2\repository\com\google\errorprone\error_prone_annotations\2.23.0\error_prone_annotations-2.23.0.jar;C:\Users\cless\.m2\repository\com\google\j2objc\j2objc-annotations\2.8\j2objc-annotations-2.8.jar;C:\Users\cless\.m2\repository\io\opentelemetry\semconv\opentelemetry-semconv\1.23.1-alpha\opentelemetry-semconv-1.23.1-alpha.jar;C:\Users\cless\.m2\repository\io\opentelemetry\opentelemetry-api\1.35.0\opentelemetry-api-1.35.0.jar;C:\Users\cless\.m2\repository\io\opentelemetry\opentelemetry-context\1.35.0\opentelemetry-context-1.35.0.jar;C:\Users\cless\.m2\repository\io\opentelemetry\opentelemetry-exporter-logging\1.35.0\opentelemetry-exporter-logging-1.35.0.jar;C:\Users\cless\.m2\repository\io\opentelemetry\opentelemetry-sdk-common\1.35.0\opentelemetry-sdk-common-1.35.0.jar;C:\Users\cless\.m2\repository\io\opentelemetry\opentelemetry-sdk-extension-autoconfigure-spi\1.35.0\opentelemetry-sdk-extension-autoconfigure-spi-1.35.0.jar;C:\Users\cless\.m2\repository\io\opentelemetry\opentelemetry-sdk-extension-autoconfigure\1.35.0\opentelemetry-sdk-extension-autoconfigure-1.35.0.jar;C:\Users\cless\.m2\repository\io\opentelemetry\opentelemetry-api-events\1.35.0-alpha\opentelemetry-api-events-1.35.0-alpha.jar;C:\Users\cless\.m2\repository\io\opentelemetry\opentelemetry-sdk-trace\1.35.0\opentelemetry-sdk-trace-1.35.0.jar;C:\Users\cless\.m2\repository\io\opentelemetry\opentelemetry-extension-incubator\1.35.0-alpha\opentelemetry-extension-incubator-1.35.0-alpha.jar;C:\Users\cless\.m2\repository\io\opentelemetry\opentelemetry-sdk\1.35.0\opentelemetry-sdk-1.35.0.jar;C:\Users\cless\.m2\repository\io\opentelemetry\opentelemetry-sdk-metrics\1.35.0\opentelemetry-sdk-metrics-1.35.0.jar;C:\Users\cless\.m2\repository\io\opentelemetry\opentelemetry-sdk-logs\1.35.0\opentelemetry-sdk-logs-1.35.0.jar;C:\Users\cless\.m2\repository\net\bytebuddy\byte-buddy\1.14.12\byte-buddy-1.14.12.jar;C:\Users\cless\.m2\repository\org\seleniumhq\selenium\selenium-os\4.18.1\selenium-os-4.18.1.jar;C:\Users\cless\.m2\repository\org\apache\commons\commons-exec\1.3\commons-exec-1.3.jar;C:\Users\cless\.m2\repository\org\seleniumhq\selenium\selenium-safari-driver\4.18.1\selenium-safari-driver-4.18.1.jar;C:\Users\cless\.m2\repository\org\seleniumhq\selenium\selenium-support\4.18.1\selenium-support-4.18.1.jar;C:\Users\cless\.m2\repository\io\cucumber\cucumber-java\7.12.1\cucumber-java-7.12.1.jar;C:\Users\cless\.m2\repository\io\cucumber\cucumber-core\7.12.1\cucumber-core-7.12.1.jar;C:\Users\cless\.m2\repository\io\cucumber\cucumber-gherkin\7.12.1\cucumber-gherkin-7.12.1.jar;C:\Users\cless\.m2\repository\io\cucumber\cucumber-gherkin-messages\7.12.1\cucumber-gherkin-messages-7.12.1.jar;C:\Users\cless\.m2\repository\io\cucumber\gherkin\26.2.0\gherkin-26.2.0.jar;C:\Users\cless\.m2\repository\io\cucumber\messages\22.0.0\messages-22.0.0.jar;C:\Users\cless\.m2\repository\io\cucumber\tag-expressions\5.0.1\tag-expressions-5.0.1.jar;C:\Users\cless\.m2\repository\io\cucumber\cucumber-expressions\16.1.2\cucumber-expressions-16.1.2.jar;C:\Users\cless\.m2\repository\io\cucumber\datatable\7.12.1\datatable-7.12.1.jar;C:\Users\cless\.m2\repository\io\cucumber\cucumber-plugin\7.12.1\cucumber-plugin-7.12.1.jar;C:\Users\cless\.m2\repository\io\cucumber\docstring\7.12.1\docstring-7.12.1.jar;C:\Users\cless\.m2\repository\io\cucumber\html-formatter\20.3.1\html-formatter-20.3.1.jar;C:\Users\cless\.m2\repository\io\cucumber\junit-xml-formatter\0.2.0\junit-xml-formatter-0.2.0.jar;C:\Users\cless\.m2\repository\io\cucumber\ci-environment\9.2.0\ci-environment-9.2.0.jar;C:\Users\cless\.m2\repository\org\apiguardian\apiguardian-api\1.1.2\apiguardian-api-1.1.2.jar;C:\Users\cless\.m2\repository\io\cucumber\cucumber-junit\7.12.1\cucumber-junit-7.12.1.jar;C:\Users\cless\.m2\repository\junit\junit\4.13.2\junit-4.13.2.jar;C:\Users\cless\.m2\repository\org\hamcrest\hamcrest-core\1.3\hamcrest-core-1.3.jar;C:\Users\cless\.m2\repository\org\apache\poi\poi\5.2.5\poi-5.2.5.jar;C:\Users\cless\.m2\repository\commons-codec\commons-codec\1.16.0\commons-codec-1.16.0.jar;C:\Users\cless\.m2\repository\org\apache\commons\commons-collections4\4.4\commons-collections4-4.4.jar;C:\Users\cless\.m2\repository\org\apache\commons\commons-math3\3.6.1\commons-math3-3.6.1.jar;C:\Users\cless\.m2\repository\commons-io\commons-io\2.15.0\commons-io-2.15.0.jar;C:\Users\cless\.m2\repository\com\zaxxer\SparseBitSet\1.3\SparseBitSet-1.3.jar;C:\Users\cless\.m2\repository\org\apache\logging\log4j\log4j-api\2.21.1\log4j-api-2.21.1.jar;C:\Users\cless\.m2\repository\org\apache\poi\poi-ooxml\5.2.5\poi-ooxml-5.2.5.jar;C:\Users\cless\.m2\repository\org\apache\poi\poi-ooxml-lite\5.2.5\poi-ooxml-lite-5.2.5.jar;C:\Users\cless\.m2\repository\org\apache\xmlbeans\xmlbeans\5.2.0\xmlbeans-5.2.0.jar;C:\Users\cless\.m2\repository\org\apache\commons\commons-compress\1.25.0\commons-compress-1.25.0.jar;C:\Users\cless\.m2\repository\com\github\virtuald\curvesapi\1.08\curvesapi-1.08.jar;C:\Users\cless\.m2\repository\io\github\bonigarcia\webdrivermanager\5.3.2\webdrivermanager-5.3.2.jar;C:\Users\cless\.m2\repository\org\slf4j\slf4j-api\2.0.6\slf4j-api-2.0.6.jar;C:\Users\cless\.m2\repository\com\google\code\gson\gson\2.10.1\gson-2.10.1.jar;C:\Users\cless\.m2\repository\com\github\docker-java\docker-java\3.2.14\docker-java-3.2.14.jar;C:\Users\cless\.m2\repository\com\github\docker-java\docker-java-core\3.2.14\docker-java-core-3.2.14.jar;C:\Users\cless\.m2\repository\com\github\docker-java\docker-java-api\3.2.14\docker-java-api-3.2.14.jar;C:\Users\cless\.m2\repository\com\fasterxml\jackson\core\jackson-annotations\2.10.3\jackson-annotations-2.10.3.jar;C:\Users\cless\.m2\repository\com\fasterxml\jackson\core\jackson-databind\2.10.3\jackson-databind-2.10.3.jar;C:\Users\cless\.m2\repository\com\fasterxml\jackson\core\jackson-core\2.10.3\jackson-core-2.10.3.jar;C:\Users\cless\.m2\repository\org\bouncycastle\bcpkix-jdk15on\1.64\bcpkix-jdk15on-1.64.jar;C:\Users\cless\.m2\repository\org\bouncycastle\bcprov-jdk15on\1.64\bcprov-jdk15on-1.64.jar;C:\Users\cless\.m2\repository\org\slf4j\jcl-over-slf4j\1.7.30\jcl-over-slf4j-1.7.30.jar;C:\Users\cless\.m2\repository\com\github\docker-java\docker-java-transport-httpclient5\3.2.14\docker-java-transport-httpclient5-3.2.14.jar;C:\Users\cless\.m2\repository\com\github\docker-java\docker-java-transport\3.2.14\docker-java-transport-3.2.14.jar;C:\Users\cless\.m2\repository\net\java\dev\jna\jna\5.12.1\jna-5.12.1.jar;C:\Users\cless\.m2\repository\org\brotli\dec\0.1.2\dec-0.1.2.jar;C:\Users\cless\.m2\repository\org\apache\commons\commons-lang3\3.12.0\commons-lang3-3.12.0.jar;C:\Users\cless\.m2\repository\org\apache\httpcomponents\client5\httpclient5\5.2.1\httpclient5-5.2.1.jar;C:\Users\cless\.m2\repository\org\apache\httpcomponents\core5\httpcore5\5.2\httpcore5-5.2.jar;C:\Users\cless\.m2\repository\org\apache\httpcomponents\core5\httpcore5-h2\5.2\httpcore5-h2-5.2.jar;C:\Users\cless\.m2\repository\com\github\javafaker\javafaker\1.0.2\javafaker-1.0.2.jar;C:\Users\cless\.m2\repository\org\yaml\snakeyaml\1.23\snakeyaml-1.23-android.jar;C:\Users\cless\.m2\repository\com\github\mifmif\generex\1.0.2\generex-1.0.2.jar;C:\Users\cless\.m2\repository\dk\brics\automaton\automaton\1.11-8\automaton-1.11-8.jar;"/>
    <property name="sun.cpu.endian" value="little"/>
    <property name="user.home" value="C:\Users\cless"/>
    <property name="user.language" value="pt"/>
    <property name="java.specification.vendor" value="Oracle Corporation"/>
    <property name="java.version.date" value="2023-10-17"/>
    <property name="java.home" value="C:\Program Files\Java\jdk-17"/>
    <property name="basedir" value="C:\workspace\workspace-eclipse\demo-web-shop-automation-java"/>
    <property name="file.separator" value="\"/>
    <property name="java.vm.compressedOopsMode" value="32-bit"/>
    <property name="line.separator" value="&#10;"/>
    <property name="java.vm.specification.vendor" value="Oracle Corporation"/>
    <property name="java.specification.name" value="Java Platform API Specification"/>
    <property name="surefire.real.class.path" value="C:\Users\cless\AppData\Local\Temp\surefire15130502087174918424\surefirebooter-20250615210304343_3.jar"/>
    <property name="user.script" value=""/>
    <property name="sun.management.compiler" value="HotSpot 64-Bit Tiered Compilers"/>
    <property name="java.runtime.version" value="17.0.9+11-LTS-201"/>
    <property name="user.name" value="cless"/>
    <property name="path.separator" value=";"/>
    <property name="os.version" value="10.0"/>
    <property name="java.runtime.name" value="Java(TM) SE Runtime Environment"/>
    <property name="file.encoding" value="Cp1252"/>
    <property name="java.vm.name" value="Java HotSpot(TM) 64-Bit Server VM"/>
    <property name="localRepository" value="C:\Users\cless\.m2\repository"/>
    <property name="java.vendor.url.bug" value="https://bugreport.java.com/bugreport/"/>
    <property name="java.io.tmpdir" value="C:\Users\cless\AppData\Local\Temp\"/>
    <property name="java.version" value="17.0.9"/>
    <property name="user.dir" value="C:\workspace\workspace-eclipse\demo-web-shop-automation-java"/>
    <property name="os.arch" value="amd64"/>
    <property name="java.vm.specification.name" value="Java Virtual Machine Specification"/>
    <property name="sun.os.patch.level" value=""/>
    <property name="headless" value="true"/>
    <property name="native.encoding" value="Cp1252"/>
    <property name="java.library.path" value="C:\Program Files\Java\jdk-17\bin;C:\WINDOWS\Sun\Java\bin;C:\WINDOWS\system32;C:\WINDOWS;C:\Users\cless\bin;C:\Program Files\Git\mingw64\bin;C:\Program Files\Git\usr\local\bin;C:\Program Files\Git\usr\bin;C:\Program Files\Git\usr\bin;C:\Program Files\Git\mingw64\bin;C:\Program Files\Git\usr\bin;C:\Users\cless\bin;C:\Program Files\eclipse\plugins\org.eclipse.justj.openjdk.hotspot.jre.full.win32.x86_64_17.0.14.v20250130-2147\jre\bin\server;C:\Program Files\eclipse\plugins\org.eclipse.justj.openjdk.hotspot.jre.full.win32.x86_64_17.0.14.v20250130-2147\jre\bin;C:\Python313\Scripts;C:\Python313;C:\Program Files\Common Files\Oracle\Java\javapath;%JAVA_HOME\bin%;C:\WINDOWS\system32;C:\WINDOWS;C:\WINDOWS\System32\Wbem;C:\WINDOWS\System32\WindowsPowerShell\v1.0;C:\WINDOWS\System32\OpenSSH;C:\apache-maven-3.6.3\bin;C:\Users\cless\AppData\Local\Android\Sdk\tools\bin;C:\Users\cless\AppData\Local\Android\Sdk\emulator;C:\Users\cless\AppData\Local\Android\Sdk\platform-tools;C:\ProgramData\chocolatey\bin;C:\Program Files\ffmpeg-7.0.2;C:\Program Files\MongoDB\Server\6.0\bin;C:\Program Files\Git\cmd;C:\Program Files\nodejs;C:\Program Files\Docker\Docker\resources\bin;C:\Users\cless\AppData\Local\Microsoft\WindowsApps;C:\Users\cless\AppData\Local\Programs\Microsoft VS Code\bin;C:\Users\cless\AppData\Roaming\npm;C:\Program Files\eclipse;C:\Program Files\Git\usr\bin\vendor_perl;C:\Program Files\Git\usr\bin\core_perl;."/>
    <property name="java.vm.info" value="mixed mode, sharing"/>
    <property name="java.vendor" value="Oracle Corporation"/>
    <property name="java.vm.version" value="17.0.9+11-LTS-201"/>
    <property name="sun.io.unicode.encoding" value="UnicodeLittle"/>
    <property name="java.class.version" value="61.0"/>
  </properties>
  <testcase name="Registro de usuario com dados do banco" classname="Funcionalidades do Demo Web Shop com dados externos" time="13.945">
    <system-out><![CDATA[
@all @registration
Scenario: Registro de usuario com dados do banco                   &amp#27;[90m# src/test/resources/features/demowebshop.feature:4&amp#27;[0m
access page register
  &amp#27;[32mGiven &amp#27;[0m&amp#27;[32mque o usuario esta na pagina de registro&amp#27;[0m                   &amp#27;[90m# steps.DemoWebShopStep.que_o_usuario_esta_na_pagina_de_registro()&amp#27;[0m
fill user register
📸 Screenshot salvo: C:\workspace\workspace-eclipse\demo-web-shop-automation-java\evidencias\Registro_de_usuario_com_dados_do_banco\01_fill_user_register.png
  &amp#27;[32mWhen &amp#27;[0m&amp#27;[32mele realiza o cadastro com dados vindos do banco&amp#27;[0m            &amp#27;[90m# steps.DemoWebShopStep.ele_realiza_o_cadastro_com_dados_vindos_do_banco()&amp#27;[0m
validate user registration
📸 Screenshot salvo: C:\workspace\workspace-eclipse\demo-web-shop-automation-java\evidencias\Registro_de_usuario_com_dados_do_banco\02_Validate_User_registration.png
  &amp#27;[32mThen &amp#27;[0m&amp#27;[32mo sistema deve responder de acordo com o resultado esperado&amp#27;[0m &amp#27;[90m# steps.DemoWebShopStep.o_sistema_deve_responder_de_acordo_com_o_resultado_esperado()&amp#27;[0m
]]></system-out>
    <system-err><![CDATA[jun. 15, 2025 9:03:09 PM org.openqa.selenium.devtools.CdpVersionFinder findNearestMatch
WARNING: Unable to find CDP implementation matching 137
jun. 15, 2025 9:03:09 PM org.openqa.selenium.chromium.ChromiumDriver lambda$new$5
WARNING: Unable to find version of CDP to use for 137.0.7151.104. You may need to include a dependency on a specific version of the CDP using something similar to `org.seleniumhq.selenium:selenium-devtools-v86:4.18.1` where the version ("v86") matches the version of the chromium-based browser you're using and the version number of the artifact is the same as Selenium's.
ERROR StatusLogger Log4j2 could not find a logging implementation. Please add log4j-core to the classpath. Using SimpleLogger to log to the console...
]]></system-err>
  </testcase>
  <testcase name="Login com dados do banco" classname="Funcionalidades do Demo Web Shop com dados externos" time="12.29">
    <system-out><![CDATA[
@all @login
Scenario: Login com dados do banco                &amp#27;[90m# src/test/resources/features/demowebshop.feature:10&amp#27;[0m
access page register
fill user register
📸 Screenshot salvo: C:\workspace\workspace-eclipse\demo-web-shop-automation-java\evidencias\Login_com_dados_do_banco\01_fill_user_register.png
Access login page
  &amp#27;[32mGiven &amp#27;[0m&amp#27;[32mque o usuario esta na pagina de login&amp#27;[0m     &amp#27;[90m# steps.DemoWebShopStep.que_o_usuario_esta_na_pagina_de_login()&amp#27;[0m
log in...
📸 Screenshot salvo: C:\workspace\workspace-eclipse\demo-web-shop-automation-java\evidencias\Login_com_dados_do_banco\02_login.png
  &amp#27;[32mWhen &amp#27;[0m&amp#27;[32mele realiza login com os dados do banco&amp#27;[0m    &amp#27;[90m# steps.DemoWebShopStep.ele_realiza_login_com_os_dados_do_banco()&amp#27;[0m
validate Homepage
📸 Screenshot salvo: C:\workspace\workspace-eclipse\demo-web-shop-automation-java\evidencias\Login_com_dados_do_banco\03_Validate_Login.png
  &amp#27;[32mThen &amp#27;[0m&amp#27;[32mo sistema deve exibir o resultado esperado&amp#27;[0m &amp#27;[90m# steps.DemoWebShopStep.o_sistema_deve_exibir_o_resultado_esperado()&amp#27;[0m
]]></system-out>
    <system-err><![CDATA[jun. 15, 2025 9:03:21 PM org.openqa.selenium.devtools.CdpVersionFinder findNearestMatch
WARNING: Unable to find CDP implementation matching 137
jun. 15, 2025 9:03:21 PM org.openqa.selenium.chromium.ChromiumDriver lambda$new$5
WARNING: Unable to find version of CDP to use for 137.0.7151.104. You may need to include a dependency on a specific version of the CDP using something similar to `org.seleniumhq.selenium:selenium-devtools-v86:4.18.1` where the version ("v86") matches the version of the chromium-based browser you're using and the version number of the artifact is the same as Selenium's.
]]></system-err>
  </testcase>
  <testcase name="Busca de produtos" classname="Funcionalidades do Demo Web Shop com dados externos" time="12.623">
    <system-out><![CDATA[
@all @search
Scenario: Busca de produtos                                &amp#27;[90m# src/test/resources/features/demowebshop.feature:16&amp#27;[0m
access page register
fill user register
📸 Screenshot salvo: C:\workspace\workspace-eclipse\demo-web-shop-automation-java\evidencias\Busca_de_produtos\01_fill_user_register.png
Access login page
log in...
📸 Screenshot salvo: C:\workspace\workspace-eclipse\demo-web-shop-automation-java\evidencias\Busca_de_produtos\02_login.png
  &amp#27;[32mGiven &amp#27;[0m&amp#27;[32mque o usuario esta na pagina inicial&amp#27;[0m               &amp#27;[90m# steps.DemoWebShopStep.que_o_usuario_esta_na_pagina_inicial()&amp#27;[0m
search itens
  &amp#27;[32mWhen &amp#27;[0m&amp#27;[32mele realiza uma busca&amp#27;[0m                               &amp#27;[90m# steps.DemoWebShopStep.ele_realiza_uma_busca_com_o_termo_vindo_do_banco()&amp#27;[0m
validate results
📸 Screenshot salvo: C:\workspace\workspace-eclipse\demo-web-shop-automation-java\evidencias\Busca_de_produtos\03_Validate_results.png
  &amp#27;[32mThen &amp#27;[0m&amp#27;[32mo sistema deve exibir os resultados correspondentes&amp#27;[0m &amp#27;[90m# steps.DemoWebShopStep.o_sistema_deve_exibir_os_resultados_correspondentes()&amp#27;[0m
]]></system-out>
    <system-err><![CDATA[jun. 15, 2025 9:03:34 PM org.openqa.selenium.devtools.CdpVersionFinder findNearestMatch
WARNING: Unable to find CDP implementation matching 137
jun. 15, 2025 9:03:34 PM org.openqa.selenium.chromium.ChromiumDriver lambda$new$5
WARNING: Unable to find version of CDP to use for 137.0.7151.104. You may need to include a dependency on a specific version of the CDP using something similar to `org.seleniumhq.selenium:selenium-devtools-v86:4.18.1` where the version ("v86") matches the version of the chromium-based browser you're using and the version number of the artifact is the same as Selenium's.
]]></system-err>
  </testcase>
  <testcase name="Adicionar produto ao carrinho com dados do banco" classname="Funcionalidades do Demo Web Shop com dados externos" time="13.289">
    <system-out><![CDATA[
@all @cart
Scenario: Adicionar produto ao carrinho com dados do banco &amp#27;[90m# src/test/resources/features/demowebshop.feature:22&amp#27;[0m
access page register
fill user register
📸 Screenshot salvo: C:\workspace\workspace-eclipse\demo-web-shop-automation-java\evidencias\Adicionar_produto_ao_carrinho_com_dados_do_banco\01_fill_user_register.png
Access login page
log in...
📸 Screenshot salvo: C:\workspace\workspace-eclipse\demo-web-shop-automation-java\evidencias\Adicionar_produto_ao_carrinho_com_dados_do_banco\02_login.png
  &amp#27;[32mGiven &amp#27;[0m&amp#27;[32mque o usuario esta logado&amp#27;[0m                          &amp#27;[90m# steps.DemoWebShopStep.que_o_usuario_esta_logado()&amp#27;[0m
search itens
  &amp#27;[32mAnd &amp#27;[0m&amp#27;[32mesta na pagina de um produto vindo do banco&amp#27;[0m          &amp#27;[90m# steps.DemoWebShopStep.esta_na_pagina_de_um_produto_vindo_do_banco()&amp#27;[0m
Add to cart
first button select
📸 Screenshot salvo: C:\workspace\workspace-eclipse\demo-web-shop-automation-java\evidencias\Adicionar_produto_ao_carrinho_com_dados_do_banco\03_Add_to_cart.png
  &amp#27;[32mWhen &amp#27;[0m&amp#27;[32mele adiciona o produto ao carrinho&amp#27;[0m                  &amp#27;[90m# steps.DemoWebShopStep.ele_adiciona_o_produto_ao_carrinho()&amp#27;[0m
validate cart
📸 Screenshot salvo: C:\workspace\workspace-eclipse\demo-web-shop-automation-java\evidencias\Adicionar_produto_ao_carrinho_com_dados_do_banco\04_Validate_cart.png
  &amp#27;[32mThen &amp#27;[0m&amp#27;[32mo produto deve estar visivel no carrinho&amp#27;[0m            &amp#27;[90m# steps.DemoWebShopStep.o_produto_deve_estar_visivel_no_carrinho()&amp#27;[0m
]]></system-out>
    <system-err><![CDATA[jun. 15, 2025 9:03:46 PM org.openqa.selenium.devtools.CdpVersionFinder findNearestMatch
WARNING: Unable to find CDP implementation matching 137
jun. 15, 2025 9:03:46 PM org.openqa.selenium.chromium.ChromiumDriver lambda$new$5
WARNING: Unable to find version of CDP to use for 137.0.7151.104. You may need to include a dependency on a specific version of the CDP using something similar to `org.seleniumhq.selenium:selenium-devtools-v86:4.18.1` where the version ("v86") matches the version of the chromium-based browser you're using and the version number of the artifact is the same as Selenium's.
]]></system-err>
  </testcase>
  <testcase name="Remover produto do carrinho com dados do banco" classname="Funcionalidades do Demo Web Shop com dados externos" time="14.207">
    <system-out><![CDATA[
@all @remove
Scenario: Remover produto do carrinho com dados do banco &amp#27;[90m# src/test/resources/features/demowebshop.feature:29&amp#27;[0m
access page register
fill user register
📸 Screenshot salvo: C:\workspace\workspace-eclipse\demo-web-shop-automation-java\evidencias\Remover_produto_do_carrinho_com_dados_do_banco\01_fill_user_register.png
Access login page
log in...
📸 Screenshot salvo: C:\workspace\workspace-eclipse\demo-web-shop-automation-java\evidencias\Remover_produto_do_carrinho_com_dados_do_banco\02_login.png
  &amp#27;[32mGiven &amp#27;[0m&amp#27;[32mque o usuario esta logado&amp#27;[0m                        &amp#27;[90m# steps.DemoWebShopStep.que_o_usuario_esta_logado()&amp#27;[0m
search itens
Add to cart
first button select
📸 Screenshot salvo: C:\workspace\workspace-eclipse\demo-web-shop-automation-java\evidencias\Remover_produto_do_carrinho_com_dados_do_banco\03_Add_to_cart.png
access to cart
  &amp#27;[32mAnd &amp#27;[0m&amp#27;[32mque o usuario tem um produto no carrinho&amp#27;[0m           &amp#27;[90m# steps.DemoWebShopStep.que_o_usuario_tem_um_produto_no_carrinho_vindo_do_banco()&amp#27;[0m
remove product
📸 Screenshot salvo: C:\workspace\workspace-eclipse\demo-web-shop-automation-java\evidencias\Remover_produto_do_carrinho_com_dados_do_banco\04_Shopping_cart.png
  &amp#27;[32mWhen &amp#27;[0m&amp#27;[32mele acessa o carrinho e remove o produto&amp#27;[0m          &amp#27;[90m# steps.DemoWebShopStep.ele_acessa_o_carrinho_e_remove_o_produto()&amp#27;[0m
Validate empty cart
📸 Screenshot salvo: C:\workspace\workspace-eclipse\demo-web-shop-automation-java\evidencias\Remover_produto_do_carrinho_com_dados_do_banco\05_cart_is_empty_.png
  &amp#27;[32mThen &amp#27;[0m&amp#27;[32mo carrinho nao deve conter mais o item&amp#27;[0m            &amp#27;[90m# steps.DemoWebShopStep.o_carrinho_nao_deve_conter_mais_o_item()&amp#27;[0m
]]></system-out>
    <system-err><![CDATA[jun. 15, 2025 9:04:00 PM org.openqa.selenium.devtools.CdpVersionFinder findNearestMatch
WARNING: Unable to find CDP implementation matching 137
jun. 15, 2025 9:04:00 PM org.openqa.selenium.chromium.ChromiumDriver lambda$new$5
WARNING: Unable to find version of CDP to use for 137.0.7151.104. You may need to include a dependency on a specific version of the CDP using something similar to `org.seleniumhq.selenium:selenium-devtools-v86:4.18.1` where the version ("v86") matches the version of the chromium-based browser you're using and the version number of the artifact is the same as Selenium's.
]]></system-err>
  </testcase>
  <testcase name="Finalizar compra com dados do banco" classname="Funcionalidades do Demo Web Shop com dados externos" time="22.632">
    <system-out><![CDATA[
@all @finalize
Scenario: Finalizar compra com dados do banco         &amp#27;[90m# src/test/resources/features/demowebshop.feature:36&amp#27;[0m
access page register
fill user register
📸 Screenshot salvo: C:\workspace\workspace-eclipse\demo-web-shop-automation-java\evidencias\Finalizar_compra_com_dados_do_banco\01_fill_user_register.png
Access login page
log in...
📸 Screenshot salvo: C:\workspace\workspace-eclipse\demo-web-shop-automation-java\evidencias\Finalizar_compra_com_dados_do_banco\02_login.png
  &amp#27;[32mGiven &amp#27;[0m&amp#27;[32mque o usuario esta logado&amp#27;[0m                     &amp#27;[90m# steps.DemoWebShopStep.que_o_usuario_esta_logado()&amp#27;[0m
search itens
Add to cart
first button select
📸 Screenshot salvo: C:\workspace\workspace-eclipse\demo-web-shop-automation-java\evidencias\Finalizar_compra_com_dados_do_banco\03_Add_to_cart.png
access to cart
  &amp#27;[32mAnd &amp#27;[0m&amp#27;[32mque o usuario tem um produto no carrinho&amp#27;[0m        &amp#27;[90m# steps.DemoWebShopStep.que_o_usuario_tem_um_produto_no_carrinho_vindo_do_banco()&amp#27;[0m
realize checkout
billing address
📸 Screenshot salvo: C:\workspace\workspace-eclipse\demo-web-shop-automation-java\evidencias\Finalizar_compra_com_dados_do_banco\04_billing_address.png
shipping address
📸 Screenshot salvo: C:\workspace\workspace-eclipse\demo-web-shop-automation-java\evidencias\Finalizar_compra_com_dados_do_banco\05_shipping_address.png
second button select
payment method
📸 Screenshot salvo: C:\workspace\workspace-eclipse\demo-web-shop-automation-java\evidencias\Finalizar_compra_com_dados_do_banco\06_payment_method.png
payment information
📸 Screenshot salvo: C:\workspace\workspace-eclipse\demo-web-shop-automation-java\evidencias\Finalizar_compra_com_dados_do_banco\07_payment_information.png
confirm order
📸 Screenshot salvo: C:\workspace\workspace-eclipse\demo-web-shop-automation-java\evidencias\Finalizar_compra_com_dados_do_banco\08_confirm_order.png
  &amp#27;[32mWhen &amp#27;[0m&amp#27;[32mele realiza o checkout&amp#27;[0m                         &amp#27;[90m# steps.DemoWebShopStep.ele_realiza_o_checkout_com_os_dados_do_banco()&amp#27;[0m
validate order
Texto real encontrado: 'Your order has been successfully processed!'
  &amp#27;[32mThen &amp#27;[0m&amp#27;[32mo sistema deve confirmar a compra corretamente&amp#27;[0m &amp#27;[90m# steps.DemoWebShopStep.o_sistema_deve_confirmar_a_compra_corretamente()&amp#27;[0m
]]></system-out>
    <system-err><![CDATA[jun. 15, 2025 9:04:14 PM org.openqa.selenium.devtools.CdpVersionFinder findNearestMatch
WARNING: Unable to find CDP implementation matching 137
jun. 15, 2025 9:04:14 PM org.openqa.selenium.chromium.ChromiumDriver lambda$new$5
WARNING: Unable to find version of CDP to use for 137.0.7151.104. You may need to include a dependency on a specific version of the CDP using something similar to `org.seleniumhq.selenium:selenium-devtools-v86:4.18.1` where the version ("v86") matches the version of the chromium-based browser you're using and the version number of the artifact is the same as Selenium's.
]]></system-err>
  </testcase>
</testsuite>